<?xml version="1.0" encoding="UTF-8"?>
<testng-results skipped="0" failed="0" total="2" passed="2">
  <reporter-output>
  </reporter-output>
  <suite name="Command line suite" duration-ms="54" started-at="2018-09-06T13:33:36Z" finished-at="2018-09-06T13:33:36Z">
    <groups>
    </groups>
    <test name="Command line test" duration-ms="54" started-at="2018-09-06T13:33:36Z" finished-at="2018-09-06T13:33:36Z">
      <class name="com.ca.test.TestClass">
        <test-method status="PASS" signature="test2()[pri:0, instance:com.ca.test.TestClass@40620d8e]" name="test2" duration-ms="1" started-at="2018-09-06T19:03:36Z" finished-at="2018-09-06T19:03:36Z">
          <reporter-output>
          </reporter-output>
        </test-method> <!-- test2 -->
      </class> <!-- com.ca.test.TestClass -->
      <class name="com.ca.test.EvenNumTest">
        <test-method status="PASS" signature="test1()[pri:0, instance:com.ca.test.EvenNumTest@4a951911]" name="test1" duration-ms="16" started-at="2018-09-06T19:03:36Z" finished-at="2018-09-06T19:03:36Z">
          <reporter-output>
          </reporter-output>
        </test-method> <!-- test1 -->
      </class> <!-- com.ca.test.EvenNumTest -->
    </test> <!-- Command line test -->
  </suite> <!-- Command line suite -->
</testng-results>
