<?xml version="1.0" encoding="UTF-8"?>
<testng-results skipped="0" failed="0" total="1" passed="1">
  <reporter-output>
  </reporter-output>
  <suite name="Default suite" duration-ms="67" started-at="2018-09-05T10:54:34Z" finished-at="2018-09-05T10:54:34Z">
    <groups>
    </groups>
    <test name="Default test" duration-ms="67" started-at="2018-09-05T10:54:34Z" finished-at="2018-09-05T10:54:34Z">
      <class name="com.ca.test.TestClass">
        <test-method status="PASS" signature="test1()[pri:0, instance:com.ca.test.TestClass@27f674d]" name="test1" duration-ms="39" started-at="2018-09-05T16:24:34Z" finished-at="2018-09-05T16:24:34Z">
          <reporter-output>
          </reporter-output>
        </test-method> <!-- test1 -->
      </class> <!-- com.ca.test.TestClass -->
    </test> <!-- Default test -->
  </suite> <!-- Default suite -->
</testng-results>
